2021-03-02 20:39:54 : Database Connection (isClosed): false
2021-03-02 20:39:54 : sqlStringBuilder = DROP TABLE data
2021-03-02 20:39:54 : sqlStringBuilder = INSERT INTO data (id,className,message) VALUES (2268519771100,'AirConditioningFactory','airConditioningClass: 1019174986')
2021-03-02 20:39:54 : sqlStringBuilder = INSERT INTO data (id,className,message) VALUES (2268520826200,'AirConditioningFactory','airConditioningInstance: 439016259')
2021-03-02 20:39:54 : sqlStringBuilder = INSERT INTO data (id,className,message) VALUES (2268521312500,'AirConditioningFactory','airConditioningPort: 1112736980')
2021-03-02 20:39:54 : sqlStringBuilder = INSERT INTO data (id,className,message) VALUES (2268522318000,'AirConditioningFactory','airConditioningClass: 1108333777')
2021-03-02 20:39:54 : sqlStringBuilder = INSERT INTO data (id,className,message) VALUES (2268522545100,'AirConditioningFactory','airConditioningInstance: 45449338')
2021-03-02 20:39:54 : sqlStringBuilder = INSERT INTO data (id,className,message) VALUES (2268522754900,'AirConditioningFactory','airConditioningPort: 1049032076')
2021-03-02 20:39:54 : sqlStringBuilder = INSERT INTO data (id,className,message) VALUES (2268523962100,'AirConditioningFactory','airConditioningClass: 911915210')
2021-03-02 20:39:54 : sqlStringBuilder = INSERT INTO data (id,className,message) VALUES (2268524286000,'AirConditioningFactory','airConditioningInstance: 587249866')
2021-03-02 20:39:54 : sqlStringBuilder = INSERT INTO data (id,className,message) VALUES (2268524555700,'AirConditioningFactory','airConditioningPort: 431211985')
2021-03-02 20:39:54 : sqlStringBuilder = INSERT INTO data (id,className,message) VALUES (2268525859000,'AirConditioningFactory','airConditioningClass: 1108992067')
2021-03-02 20:39:54 : sqlStringBuilder = INSERT INTO data (id,className,message) VALUES (2268526221900,'AirConditioningFactory','airConditioningInstance: 2031829458')
2021-03-02 20:39:54 : sqlStringBuilder = INSERT INTO data (id,className,message) VALUES (2268526475400,'AirConditioningFactory','airConditioningPort: 298637698')
2021-03-02 20:39:54 : sqlStringBuilder = INSERT INTO data (id,className,message) VALUES (2268529138900,'APUFactory','apuClass: 1473998566')
2021-03-02 20:39:54 : sqlStringBuilder = INSERT INTO data (id,className,message) VALUES (2268529537200,'APUFactory','apuInstance: 951643629')
2021-03-02 20:39:54 : sqlStringBuilder = INSERT INTO data (id,className,message) VALUES (2268529795800,'APUFactory','apuPort: 1237417602')
2021-03-02 20:39:54 : sqlStringBuilder = INSERT INTO data (id,className,message) VALUES (2268533609400,'GearFactory','gearClass: 1266654528')
2021-03-02 20:39:54 : sqlStringBuilder = INSERT INTO data (id,className,message) VALUES (2268534271000,'GearFactory','gearInstance: 1781361536')
2021-03-02 20:39:54 : sqlStringBuilder = INSERT INTO data (id,className,message) VALUES (2268534581400,'GearFactory','gearPort: 1266654528')
2021-03-02 20:39:54 : sqlStringBuilder = INSERT INTO data (id,className,message) VALUES (2268536138800,'GearFactory','gearClass: 256904009')
2021-03-02 20:39:54 : sqlStringBuilder = INSERT INTO data (id,className,message) VALUES (2268536589400,'GearFactory','gearInstance: 472606167')
2021-03-02 20:39:54 : sqlStringBuilder = INSERT INTO data (id,className,message) VALUES (2268536849700,'GearFactory','gearPort: 256904009')
2021-03-02 20:39:54 : sqlStringBuilder = INSERT INTO data (id,className,message) VALUES (2268538404000,'GearFactory','gearClass: 357060923')
2021-03-02 20:39:54 : sqlStringBuilder = INSERT INTO data (id,className,message) VALUES (2268538882500,'GearFactory','gearInstance: 657959831')
2021-03-02 20:39:54 : sqlStringBuilder = INSERT INTO data (id,className,message) VALUES (2268539162800,'GearFactory','gearPort: 357060923')
2021-03-02 20:39:54 : sqlStringBuilder = INSERT INTO data (id,className,message) VALUES (2268541820900,'WeatherRadarFactory','weatherRadarClass: 590814784')
2021-03-02 20:39:54 : sqlStringBuilder = INSERT INTO data (id,className,message) VALUES (2268542270300,'WeatherRadarFactory','weatherRadarInstance: 2117519368')
2021-03-02 20:39:54 : sqlStringBuilder = INSERT INTO data (id,className,message) VALUES (2268542538000,'WeatherRadarFactory','weatherRadarPort: 1939004113')
2021-03-02 20:39:54 : sqlStringBuilder = INSERT INTO data (id,className,message) VALUES (2268543597300,'WeatherRadarFactory','weatherRadarClass: 1665174989')
2021-03-02 20:39:54 : sqlStringBuilder = INSERT INTO data (id,className,message) VALUES (2268543876800,'WeatherRadarFactory','weatherRadarInstance: 1426255001')
2021-03-02 20:39:54 : sqlStringBuilder = INSERT INTO data (id,className,message) VALUES (2268544076800,'WeatherRadarFactory','weatherRadarPort: 1665866851')
2021-03-02 20:39:54 : sqlStringBuilder = INSERT INTO data (id,className,message) VALUES (2268547191100,'HydraulicPumpFactory','hydraulicPumpClass: 2041737865')
2021-03-02 20:39:54 : sqlStringBuilder = INSERT INTO data (id,className,message) VALUES (2268547729300,'HydraulicPumpFactory','hydraulicPumpInstance: 1941026441')
2021-03-02 20:39:54 : sqlStringBuilder = INSERT INTO data (id,className,message) VALUES (2268548096100,'HydraulicPumpFactory','hydraulicPumpPort: 1823112726')
2021-03-02 20:39:54 : sqlStringBuilder = INSERT INTO data (id,className,message) VALUES (2268550116600,'HydraulicPumpFactory','hydraulicPumpClass: 297958451')
2021-03-02 20:39:54 : sqlStringBuilder = INSERT INTO data (id,className,message) VALUES (2268550529000,'HydraulicPumpFactory','hydraulicPumpInstance: 697790162')
2021-03-02 20:39:54 : sqlStringBuilder = INSERT INTO data (id,className,message) VALUES (2268550838300,'HydraulicPumpFactory','hydraulicPumpPort: 1579347448')
2021-03-02 20:39:54 : sqlStringBuilder = INSERT INTO data (id,className,message) VALUES (2268552129600,'HydraulicPumpFactory','hydraulicPumpClass: 1281792000')
2021-03-02 20:39:54 : sqlStringBuilder = INSERT INTO data (id,className,message) VALUES (2268552462500,'HydraulicPumpFactory','hydraulicPumpInstance: 1804627103')
2021-03-02 20:39:54 : sqlStringBuilder = INSERT INTO data (id,className,message) VALUES (2268552698300,'HydraulicPumpFactory','hydraulicPumpPort: 1065695516')
2021-03-02 20:39:54 : sqlStringBuilder = INSERT INTO data (id,className,message) VALUES (2268554033200,'HydraulicPumpFactory','hydraulicPumpClass: 222890084')
2021-03-02 20:39:54 : sqlStringBuilder = INSERT INTO data (id,className,message) VALUES (2268554432300,'HydraulicPumpFactory','hydraulicPumpInstance: 1981737762')
2021-03-02 20:39:54 : sqlStringBuilder = INSERT INTO data (id,className,message) VALUES (2268554727500,'HydraulicPumpFactory','hydraulicPumpPort: 1893271113')
2021-03-02 20:39:54 : sqlStringBuilder = INSERT INTO data (id,className,message) VALUES (2268556067100,'HydraulicPumpFactory','hydraulicPumpClass: 677910743')
2021-03-02 20:39:54 : sqlStringBuilder = INSERT INTO data (id,className,message) VALUES (2268556887700,'HydraulicPumpFactory','hydraulicPumpInstance: 272497972')
2021-03-02 20:39:54 : sqlStringBuilder = INSERT INTO data (id,className,message) VALUES (2268557151900,'HydraulicPumpFactory','hydraulicPumpPort: 1550248028')
2021-03-02 20:39:54 : sqlStringBuilder = INSERT INTO data (id,className,message) VALUES (2268558265600,'HydraulicPumpFactory','hydraulicPumpClass: 1439632284')
2021-03-02 20:39:54 : sqlStringBuilder = INSERT INTO data (id,className,message) VALUES (2268558550500,'HydraulicPumpFactory','hydraulicPumpInstance: 925916955')
2021-03-02 20:39:54 : sqlStringBuilder = INSERT INTO data (id,className,message) VALUES (2268558756000,'HydraulicPumpFactory','hydraulicPumpPort: 1183653909')
2021-03-02 20:39:54 : sqlStringBuilder = INSERT INTO data (id,className,message) VALUES (2268561898700,'EngineFactory','engineClass: 1206392731')
2021-03-02 20:39:54 : sqlStringBuilder = INSERT INTO data (id,className,message) VALUES (2268562315000,'EngineFactory','engineInstance: 572984265')
2021-03-02 20:39:54 : sqlStringBuilder = INSERT INTO data (id,className,message) VALUES (2268562582500,'EngineFactory','enginePort: 945510492')
2021-03-02 20:39:54 : sqlStringBuilder = INSERT INTO data (id,className,message) VALUES (2268563587500,'EngineFactory','engineClass: 1978338152')
2021-03-02 20:39:54 : sqlStringBuilder = INSERT INTO data (id,className,message) VALUES (2268564318200,'EngineFactory','engineInstance: 2053174277')
2021-03-02 20:39:54 : sqlStringBuilder = INSERT INTO data (id,className,message) VALUES (2268564519200,'EngineFactory','enginePort: 1732468931')
2021-03-02 20:39:54 : sqlStringBuilder = INSERT INTO data (id,className,message) VALUES (2268565547600,'EngineFactory','engineClass: 1473235570')
2021-03-02 20:39:54 : sqlStringBuilder = INSERT INTO data (id,className,message) VALUES (2268565879400,'EngineFactory','engineInstance: 1148586776')
2021-03-02 20:39:54 : sqlStringBuilder = INSERT INTO data (id,className,message) VALUES (2268566096100,'EngineFactory','enginePort: 715885110')
2021-03-02 20:39:54 : sqlStringBuilder = INSERT INTO data (id,className,message) VALUES (2268567108100,'EngineFactory','engineClass: 741304941')
2021-03-02 20:39:54 : sqlStringBuilder = INSERT INTO data (id,className,message) VALUES (2268567496300,'EngineFactory','engineInstance: 1561221623')
2021-03-02 20:39:54 : sqlStringBuilder = INSERT INTO data (id,className,message) VALUES (2268567718700,'EngineFactory','enginePort: 1618682367')
2021-03-02 20:39:54 : sqlStringBuilder = INSERT INTO data (id,className,message) VALUES (2268572514200,'RadarFactory','RadarClass: 1260005244')
2021-03-02 20:39:54 : sqlStringBuilder = INSERT INTO data (id,className,message) VALUES (2268573005100,'RadarFactory','RadarInstance: 327993843')
2021-03-02 20:39:54 : sqlStringBuilder = INSERT INTO data (id,className,message) VALUES (2268573356900,'RadarFactory','RadarPort: 1152530639')
2021-03-02 20:39:54 : sqlStringBuilder = INSERT INTO data (id,className,message) VALUES (2268574540400,'RadarFactory','RadarClass: 1263678226')
2021-03-02 20:39:54 : sqlStringBuilder = INSERT INTO data (id,className,message) VALUES (2268574815600,'RadarFactory','RadarInstance: 1039440611')
2021-03-02 20:39:54 : sqlStringBuilder = INSERT INTO data (id,className,message) VALUES (2268574993900,'RadarFactory','RadarPort: 516377873')
2021-03-02 20:39:54 : sqlStringBuilder = INSERT INTO data (id,className,message) VALUES (2268577930600,'TCASFactory','TCASClass: 668734046')
2021-03-02 20:39:54 : sqlStringBuilder = INSERT INTO data (id,className,message) VALUES (2268578332300,'TCASFactory','TCASInstance: 2115461482')
2021-03-02 20:39:54 : sqlStringBuilder = INSERT INTO data (id,className,message) VALUES (2268578564300,'TCASFactory','TCASPort: 136941767')
2021-03-02 20:39:54 : sqlStringBuilder = INSERT INTO data (id,className,message) VALUES (2268579518300,'TCASFactory','TCASClass: 1412790029')
2021-03-02 20:39:54 : sqlStringBuilder = INSERT INTO data (id,className,message) VALUES (2268579720500,'TCASFactory','TCASInstance: 1469258604')
2021-03-02 20:39:54 : sqlStringBuilder = INSERT INTO data (id,className,message) VALUES (2268579886800,'TCASFactory','TCASPort: 2113768970')
2021-03-02 20:39:54 : sqlStringBuilder = INSERT INTO data (id,className,message) VALUES (2268582051200,'CameraFactory','CameraClass: 560749435')
2021-03-02 20:39:54 : sqlStringBuilder = INSERT INTO data (id,className,message) VALUES (2268582525200,'CameraFactory','CameraInstance: 1370428921')
2021-03-02 20:39:54 : sqlStringBuilder = INSERT INTO data (id,className,message) VALUES (2268582743700,'CameraFactory','CameraPort: 421444098')
2021-03-02 20:39:54 : sqlStringBuilder = INSERT INTO data (id,className,message) VALUES (2268583815700,'CameraFactory','CameraClass: 1963676253')
2021-03-02 20:39:54 : sqlStringBuilder = INSERT INTO data (id,className,message) VALUES (2268584227300,'CameraFactory','CameraInstance: 1407536318')
2021-03-02 20:39:54 : sqlStringBuilder = INSERT INTO data (id,className,message) VALUES (2268584530900,'CameraFactory','CameraPort: 2125195740')
2021-03-02 20:39:54 : sqlStringBuilder = INSERT INTO data (id,className,message) VALUES (2268586852000,'GPSFactory','GPSClass: 1552877479')
2021-03-02 20:39:54 : sqlStringBuilder = INSERT INTO data (id,className,message) VALUES (2268587192100,'GPSFactory','GPSInstance: 33112971')
2021-03-02 20:39:54 : sqlStringBuilder = INSERT INTO data (id,className,message) VALUES (2268587358900,'GPSFactory','GPSPort: 1785944172')
2021-03-02 20:39:54 : sqlStringBuilder = INSERT INTO data (id,className,message) VALUES (2268588369400,'GPSFactory','GPSClass: 335552880')
2021-03-02 20:39:54 : sqlStringBuilder = INSERT INTO data (id,className,message) VALUES (2268588678500,'GPSFactory','GPSInstance: 1835934510')
2021-03-02 20:39:54 : sqlStringBuilder = INSERT INTO data (id,className,message) VALUES (2268588866800,'GPSFactory','GPSPort: 1525968129')
2021-03-02 20:39:54 : sqlStringBuilder = INSERT INTO data (id,className,message) VALUES (2268591159000,'TurbulentAirFlowSensorFactory','TurbulentAirFlowSensorClass: 914464978')
2021-03-02 20:39:54 : sqlStringBuilder = INSERT INTO data (id,className,message) VALUES (2268591517600,'TurbulentAirFlowSensorFactory','TurbulentAirFlowSensorInstance: 1900332158')
2021-03-02 20:39:54 : sqlStringBuilder = INSERT INTO data (id,className,message) VALUES (2268591844000,'TurbulentAirFlowSensorFactory','TurbulentAirFlowSensorPort: 395255958')
2021-03-02 20:39:54 : sqlStringBuilder = INSERT INTO data (id,className,message) VALUES (2268593270300,'TurbulentAirFlowSensorFactory','TurbulentAirFlowSensorClass: 1210918746')
2021-03-02 20:39:54 : sqlStringBuilder = INSERT INTO data (id,className,message) VALUES (2268593595500,'TurbulentAirFlowSensorFactory','TurbulentAirFlowSensorInstance: 1663885393')
2021-03-02 20:39:54 : sqlStringBuilder = INSERT INTO data (id,className,message) VALUES (2268593766200,'TurbulentAirFlowSensorFactory','TurbulentAirFlowSensorPort: 395542773')
2021-03-02 20:39:54 : sqlStringBuilder = INSERT INTO data (id,className,message) VALUES (2268596249000,'DroopNoseFactory','DroopNoseClass: 538833749')
2021-03-02 20:39:54 : sqlStringBuilder = INSERT INTO data (id,className,message) VALUES (2268596633300,'DroopNoseFactory','DroopNoseInstance: 313423767')
2021-03-02 20:39:54 : sqlStringBuilder = INSERT INTO data (id,className,message) VALUES (2268596859000,'DroopNoseFactory','DroopNosePort: 1319440169')
2021-03-02 20:39:54 : sqlStringBuilder = INSERT INTO data (id,className,message) VALUES (2268597937600,'DroopNoseFactory','DroopNoseClass: 83336351')
2021-03-02 20:39:54 : sqlStringBuilder = INSERT INTO data (id,className,message) VALUES (2268598192900,'DroopNoseFactory','DroopNoseInstance: 151328328')
2021-03-02 20:39:54 : sqlStringBuilder = INSERT INTO data (id,className,message) VALUES (2268598354000,'DroopNoseFactory','DroopNosePort: 858246521')
2021-03-02 20:39:54 : sqlStringBuilder = INSERT INTO data (id,className,message) VALUES (2268657837400,'EngineFactory','engineClass: 36107037')
2021-03-02 20:39:54 : sqlStringBuilder = INSERT INTO data (id,className,message) VALUES (2268658263600,'EngineFactory','engineInstance: 10920376')
2021-03-02 20:39:54 : sqlStringBuilder = INSERT INTO data (id,className,message) VALUES (2268658434300,'EngineFactory','enginePort: 1989712899')
2021-03-02 20:39:54 : sqlStringBuilder = INSERT INTO data (id,className,message) VALUES (2268659457600,'HydraulicPumpFactory','hydraulicPumpClass: 1027816302')
2021-03-02 20:39:54 : sqlStringBuilder = INSERT INTO data (id,className,message) VALUES (2268659697800,'HydraulicPumpFactory','hydraulicPumpInstance: 68618302')
2021-03-02 20:39:54 : sqlStringBuilder = INSERT INTO data (id,className,message) VALUES (2268659894300,'HydraulicPumpFactory','hydraulicPumpPort: 374278539')
2021-03-02 20:39:54 : sqlStringBuilder = INSERT INTO data (id,className,message) VALUES (2268660901500,'HydraulicPumpFactory','hydraulicPumpClass: 461127490')
2021-03-02 20:39:54 : sqlStringBuilder = INSERT INTO data (id,className,message) VALUES (2268661126600,'HydraulicPumpFactory','hydraulicPumpInstance: 838706891')
2021-03-02 20:39:54 : sqlStringBuilder = INSERT INTO data (id,className,message) VALUES (2268661322400,'HydraulicPumpFactory','hydraulicPumpPort: 713152212')
2021-03-02 20:39:54 : sqlStringBuilder = INSERT INTO data (id,className,message) VALUES (2268662308800,'HydraulicPumpFactory','hydraulicPumpClass: 1266965154')
2021-03-02 20:39:54 : sqlStringBuilder = INSERT INTO data (id,className,message) VALUES (2268663411400,'HydraulicPumpFactory','hydraulicPumpInstance: 1764054770')
2021-03-02 20:39:54 : sqlStringBuilder = INSERT INTO data (id,className,message) VALUES (2268663591100,'HydraulicPumpFactory','hydraulicPumpPort: 826125329')
2021-03-02 20:39:54 : sqlStringBuilder = INSERT INTO data (id,className,message) VALUES (2268664575900,'HydraulicPumpFactory','hydraulicPumpClass: 359671377')
2021-03-02 20:39:54 : sqlStringBuilder = INSERT INTO data (id,className,message) VALUES (2268664763100,'HydraulicPumpFactory','hydraulicPumpInstance: 1852810393')
2021-03-02 20:39:54 : sqlStringBuilder = INSERT INTO data (id,className,message) VALUES (2268664912000,'HydraulicPumpFactory','hydraulicPumpPort: 981571112')
2021-03-02 20:39:54 : sqlStringBuilder = INSERT INTO data (id,className,message) VALUES (2268667399800,'ElevatorFactory','elevatorClass: 1019295208')
2021-03-02 20:39:54 : sqlStringBuilder = INSERT INTO data (id,className,message) VALUES (2268667738200,'ElevatorFactory','elevatorInstance: 2119593670')
2021-03-02 20:39:54 : sqlStringBuilder = INSERT INTO data (id,className,message) VALUES (2268668007600,'ElevatorFactory','elevatorPort: 1066230335')
2021-03-02 20:39:54 : sqlStringBuilder = INSERT INTO data (id,className,message) VALUES (2268668879100,'ElevatorFactory','elevatorClass: 1525702942')
2021-03-02 20:39:54 : sqlStringBuilder = INSERT INTO data (id,className,message) VALUES (2268669061200,'ElevatorFactory','elevatorInstance: 522434647')
2021-03-02 20:39:54 : sqlStringBuilder = INSERT INTO data (id,className,message) VALUES (2268669266100,'ElevatorFactory','elevatorPort: 922566077')
2021-03-02 20:39:54 : sqlStringBuilder = INSERT INTO data (id,className,message) VALUES (2268670054900,'ElevatorFactory','elevatorClass: 1447387124')
2021-03-02 20:39:54 : sqlStringBuilder = INSERT INTO data (id,className,message) VALUES (2268670220800,'ElevatorFactory','elevatorInstance: 509688826')
2021-03-02 20:39:54 : sqlStringBuilder = INSERT INTO data (id,className,message) VALUES (2268670364500,'ElevatorFactory','elevatorPort: 1486603435')
2021-03-02 20:39:54 : sqlStringBuilder = INSERT INTO data (id,className,message) VALUES (2268671288300,'ElevatorFactory','elevatorClass: 530182023')
2021-03-02 20:39:54 : sqlStringBuilder = INSERT INTO data (id,className,message) VALUES (2268671601000,'ElevatorFactory','elevatorInstance: 2097649461')
2021-03-02 20:39:54 : sqlStringBuilder = INSERT INTO data (id,className,message) VALUES (2268671817200,'ElevatorFactory','elevatorPort: 1324629662')
2021-03-02 20:39:54 : sqlStringBuilder = INSERT INTO data (id,className,message) VALUES (2268672810900,'CameraFactory','CameraClass: 263990305')
2021-03-02 20:39:54 : sqlStringBuilder = INSERT INTO data (id,className,message) VALUES (2268673164600,'CameraFactory','CameraInstance: 1981235871')
2021-03-02 20:39:54 : sqlStringBuilder = INSERT INTO data (id,className,message) VALUES (2268673317500,'CameraFactory','CameraPort: 1022752472')
2021-03-02 20:39:54 : sqlStringBuilder = INSERT INTO data (id,className,message) VALUES (2268674370800,'DroopNoseFactory','DroopNoseClass: 1012176467')
2021-03-02 20:39:54 : sqlStringBuilder = INSERT INTO data (id,className,message) VALUES (2268674587000,'DroopNoseFactory','DroopNoseInstance: 1202107753')
2021-03-02 20:39:54 : sqlStringBuilder = INSERT INTO data (id,className,message) VALUES (2268674770900,'DroopNoseFactory','DroopNosePort: 1598385313')
2021-03-02 20:39:54 : sqlStringBuilder = INSERT INTO data (id,className,message) VALUES (2268675651100,'DroopNoseFactory','DroopNoseClass: 26987634')
2021-03-02 20:39:54 : sqlStringBuilder = INSERT INTO data (id,className,message) VALUES (2268675824100,'DroopNoseFactory','DroopNoseInstance: 1248081732')
2021-03-02 20:39:54 : sqlStringBuilder = INSERT INTO data (id,className,message) VALUES (2268675957700,'DroopNoseFactory','DroopNosePort: 2052274859')
2021-03-02 20:39:54 : sqlStringBuilder = INSERT INTO data (id,className,message) VALUES (2268676703000,'TurbulentAirFlowSensorFactory','TurbulentAirFlowSensorClass: 1848605253')
2021-03-02 20:39:54 : sqlStringBuilder = INSERT INTO data (id,className,message) VALUES (2268676859200,'TurbulentAirFlowSensorFactory','TurbulentAirFlowSensorInstance: 930711628')
2021-03-02 20:39:54 : sqlStringBuilder = INSERT INTO data (id,className,message) VALUES (2268677017900,'TurbulentAirFlowSensorFactory','TurbulentAirFlowSensorPort: 349349832')
2021-03-02 20:39:54 : sqlStringBuilder = INSERT INTO data (id,className,message) VALUES (2268677830300,'TurbulentAirFlowSensorFactory','TurbulentAirFlowSensorClass: 1196505396')
2021-03-02 20:39:54 : sqlStringBuilder = INSERT INTO data (id,className,message) VALUES (2268678016400,'TurbulentAirFlowSensorFactory','TurbulentAirFlowSensorInstance: 181848298')
2021-03-02 20:39:54 : sqlStringBuilder = INSERT INTO data (id,className,message) VALUES (2268678156400,'TurbulentAirFlowSensorFactory','TurbulentAirFlowSensorPort: 1685246660')
2021-03-02 20:39:54 : sqlStringBuilder = INSERT INTO data (id,className,message) VALUES (2268678872200,'TurbulentAirFlowSensorFactory','TurbulentAirFlowSensorClass: 313576062')
2021-03-02 20:39:54 : sqlStringBuilder = INSERT INTO data (id,className,message) VALUES (2268679029500,'TurbulentAirFlowSensorFactory','TurbulentAirFlowSensorInstance: 1105644743')
2021-03-02 20:39:54 : sqlStringBuilder = INSERT INTO data (id,className,message) VALUES (2268679159800,'TurbulentAirFlowSensorFactory','TurbulentAirFlowSensorPort: 1241871904')
2021-03-02 20:39:54 : sqlStringBuilder = INSERT INTO data (id,className,message) VALUES (2268679924700,'TurbulentAirFlowSensorFactory','TurbulentAirFlowSensorClass: 284391415')
2021-03-02 20:39:54 : sqlStringBuilder = INSERT INTO data (id,className,message) VALUES (2268680093200,'TurbulentAirFlowSensorFactory','TurbulentAirFlowSensorInstance: 610680266')
2021-03-02 20:39:54 : sqlStringBuilder = INSERT INTO data (id,className,message) VALUES (2268680225700,'TurbulentAirFlowSensorFactory','TurbulentAirFlowSensorPort: 1594157221')
2021-03-02 20:39:54 : sqlStringBuilder = INSERT INTO data (id,className,message) VALUES (2268689209500,'EngineFactory','engineClass: 2047876215')
2021-03-02 20:39:54 : sqlStringBuilder = INSERT INTO data (id,className,message) VALUES (2268689523300,'EngineFactory','engineInstance: 405437962')
2021-03-02 20:39:54 : sqlStringBuilder = INSERT INTO data (id,className,message) VALUES (2268689665000,'EngineFactory','enginePort: 1395823599')
2021-03-02 20:39:54 : sqlStringBuilder = INSERT INTO data (id,className,message) VALUES (2268690389500,'HydraulicPumpFactory','hydraulicPumpClass: 433944280')
2021-03-02 20:39:54 : sqlStringBuilder = INSERT INTO data (id,className,message) VALUES (2268690541200,'HydraulicPumpFactory','hydraulicPumpInstance: 1209107540')
2021-03-02 20:39:54 : sqlStringBuilder = INSERT INTO data (id,className,message) VALUES (2268690674000,'HydraulicPumpFactory','hydraulicPumpPort: 420430620')
2021-03-02 20:39:54 : sqlStringBuilder = INSERT INTO data (id,className,message) VALUES (2268691382900,'HydraulicPumpFactory','hydraulicPumpClass: 1199188228')
2021-03-02 20:39:54 : sqlStringBuilder = INSERT INTO data (id,className,message) VALUES (2268691542200,'HydraulicPumpFactory','hydraulicPumpInstance: 188944476')
2021-03-02 20:39:54 : sqlStringBuilder = INSERT INTO data (id,className,message) VALUES (2268691674500,'HydraulicPumpFactory','hydraulicPumpPort: 558933473')
2021-03-02 20:39:54 : sqlStringBuilder = INSERT INTO data (id,className,message) VALUES (2268692420600,'HydraulicPumpFactory','hydraulicPumpClass: 1732338745')
2021-03-02 20:39:54 : sqlStringBuilder = INSERT INTO data (id,className,message) VALUES (2268692584900,'HydraulicPumpFactory','hydraulicPumpInstance: 1495889750')
2021-03-02 20:39:54 : sqlStringBuilder = INSERT INTO data (id,className,message) VALUES (2268692721100,'HydraulicPumpFactory','hydraulicPumpPort: 85882009')
2021-03-02 20:39:54 : sqlStringBuilder = INSERT INTO data (id,className,message) VALUES (2268693496600,'HydraulicPumpFactory','hydraulicPumpClass: 1698888398')
2021-03-02 20:39:54 : sqlStringBuilder = INSERT INTO data (id,className,message) VALUES (2268694106200,'HydraulicPumpFactory','hydraulicPumpInstance: 1542511384')
2021-03-02 20:39:54 : sqlStringBuilder = INSERT INTO data (id,className,message) VALUES (2268694272700,'HydraulicPumpFactory','hydraulicPumpPort: 865370886')
2021-03-02 20:39:54 : sqlStringBuilder = INSERT INTO data (id,className,message) VALUES (2268695322800,'ElevatorFactory','elevatorClass: 1236173964')
2021-03-02 20:39:54 : sqlStringBuilder = INSERT INTO data (id,className,message) VALUES (2268695576200,'ElevatorFactory','elevatorInstance: 1701198040')
2021-03-02 20:39:54 : sqlStringBuilder = INSERT INTO data (id,className,message) VALUES (2268695721000,'ElevatorFactory','elevatorPort: 2072202872')
2021-03-02 20:39:54 : sqlStringBuilder = INSERT INTO data (id,className,message) VALUES (2268696500100,'ElevatorFactory','elevatorClass: 300559077')
2021-03-02 20:39:54 : sqlStringBuilder = INSERT INTO data (id,className,message) VALUES (2268696678100,'ElevatorFactory','elevatorInstance: 1968806778')
2021-03-02 20:39:54 : sqlStringBuilder = INSERT INTO data (id,className,message) VALUES (2268696934500,'ElevatorFactory','elevatorPort: 1031544219')
2021-03-02 20:39:54 : sqlStringBuilder = INSERT INTO data (id,className,message) VALUES (2268697707900,'ElevatorFactory','elevatorClass: 386240976')
2021-03-02 20:39:54 : sqlStringBuilder = INSERT INTO data (id,className,message) VALUES (2268697859000,'ElevatorFactory','elevatorInstance: 1549399246')
2021-03-02 20:39:54 : sqlStringBuilder = INSERT INTO data (id,className,message) VALUES (2268698048500,'ElevatorFactory','elevatorPort: 1372579262')
2021-03-02 20:39:54 : sqlStringBuilder = INSERT INTO data (id,className,message) VALUES (2268698947000,'ElevatorFactory','elevatorClass: 1883335733')
2021-03-02 20:39:54 : sqlStringBuilder = INSERT INTO data (id,className,message) VALUES (2268699111900,'ElevatorFactory','elevatorInstance: 1463547016')
2021-03-02 20:39:54 : sqlStringBuilder = INSERT INTO data (id,className,message) VALUES (2268699238500,'ElevatorFactory','elevatorPort: 920374516')
2021-03-02 20:39:54 : sqlStringBuilder = INSERT INTO data (id,className,message) VALUES (2268699998700,'CameraFactory','CameraClass: 1619448870')
2021-03-02 20:39:54 : sqlStringBuilder = INSERT INTO data (id,className,message) VALUES (2268700420000,'CameraFactory','CameraInstance: 925551899')
2021-03-02 20:39:54 : sqlStringBuilder = INSERT INTO data (id,className,message) VALUES (2268700623800,'CameraFactory','CameraPort: 1007593074')
2021-03-02 20:39:54 : sqlStringBuilder = INSERT INTO data (id,className,message) VALUES (2268701394400,'DroopNoseFactory','DroopNoseClass: 390517246')
2021-03-02 20:39:54 : sqlStringBuilder = INSERT INTO data (id,className,message) VALUES (2268701572400,'DroopNoseFactory','DroopNoseInstance: 753441040')
2021-03-02 20:39:54 : sqlStringBuilder = INSERT INTO data (id,className,message) VALUES (2268701700200,'DroopNoseFactory','DroopNosePort: 1407445712')
2021-03-02 20:39:54 : sqlStringBuilder = INSERT INTO data (id,className,message) VALUES (2268702388800,'DroopNoseFactory','DroopNoseClass: 1656757184')
2021-03-02 20:39:54 : sqlStringBuilder = INSERT INTO data (id,className,message) VALUES (2268702540000,'DroopNoseFactory','DroopNoseInstance: 348575287')
2021-03-02 20:39:54 : sqlStringBuilder = INSERT INTO data (id,className,message) VALUES (2268702682000,'DroopNoseFactory','DroopNosePort: 1403585970')
2021-03-02 20:39:54 : sqlStringBuilder = INSERT INTO data (id,className,message) VALUES (2268703551500,'TurbulentAirFlowSensorFactory','TurbulentAirFlowSensorClass: 1991351956')
2021-03-02 20:39:54 : sqlStringBuilder = INSERT INTO data (id,className,message) VALUES (2268703744200,'TurbulentAirFlowSensorFactory','TurbulentAirFlowSensorInstance: 258818415')
2021-03-02 20:39:54 : sqlStringBuilder = INSERT INTO data (id,className,message) VALUES (2268703876300,'TurbulentAirFlowSensorFactory','TurbulentAirFlowSensorPort: 1115245072')
2021-03-02 20:39:54 : sqlStringBuilder = INSERT INTO data (id,className,message) VALUES (2268704579900,'TurbulentAirFlowSensorFactory','TurbulentAirFlowSensorClass: 1857146979')
2021-03-02 20:39:54 : sqlStringBuilder = INSERT INTO data (id,className,message) VALUES (2268704729900,'TurbulentAirFlowSensorFactory','TurbulentAirFlowSensorInstance: 377148323')
2021-03-02 20:39:54 : sqlStringBuilder = INSERT INTO data (id,className,message) VALUES (2268704864500,'TurbulentAirFlowSensorFactory','TurbulentAirFlowSensorPort: 472705545')
2021-03-02 20:39:54 : sqlStringBuilder = INSERT INTO data (id,className,message) VALUES (2268705599800,'TurbulentAirFlowSensorFactory','TurbulentAirFlowSensorClass: 1215515572')
2021-03-02 20:39:54 : sqlStringBuilder = INSERT INTO data (id,className,message) VALUES (2268705767600,'TurbulentAirFlowSensorFactory','TurbulentAirFlowSensorInstance: 680211246')
2021-03-02 20:39:54 : sqlStringBuilder = INSERT INTO data (id,className,message) VALUES (2268705901300,'TurbulentAirFlowSensorFactory','TurbulentAirFlowSensorPort: 169640023')
2021-03-02 20:39:54 : sqlStringBuilder = INSERT INTO data (id,className,message) VALUES (2268706647800,'TurbulentAirFlowSensorFactory','TurbulentAirFlowSensorClass: 1216833618')
2021-03-02 20:39:54 : sqlStringBuilder = INSERT INTO data (id,className,message) VALUES (2268706843900,'TurbulentAirFlowSensorFactory','TurbulentAirFlowSensorInstance: 2068036686')
2021-03-02 20:39:54 : sqlStringBuilder = INSERT INTO data (id,className,message) VALUES (2268706988200,'TurbulentAirFlowSensorFactory','TurbulentAirFlowSensorPort: 1835239830')
