/*C2*/SET SCHEMA PUBLIC
DROP TABLE data
CREATE TABLE data  ( id BIGINT NOT NULL,className VARCHAR(20) NOT NULL,message VARCHAR(50) NOT NULL,PRIMARY KEY (id) )
INSERT INTO DATA VALUES(105819969195000,'WeatherRadarFactory','weatherRadarClass: 1699164298')
COMMIT
INSERT INTO DATA VALUES(105819970992400,'WeatherRadarFactory','weatherRadarInstance: 1891379220')
COMMIT
INSERT INTO DATA VALUES(105819972178900,'WeatherRadarFactory','weatherRadarPort: 2052170427')
COMMIT
INSERT INTO DATA VALUES(105819974791000,'WeatherRadarFactory','weatherRadarClass: 1115096335')
COMMIT
INSERT INTO DATA VALUES(105819975497900,'WeatherRadarFactory','weatherRadarInstance: 687673665')
COMMIT
INSERT INTO DATA VALUES(105819975995100,'WeatherRadarFactory','weatherRadarPort: 623181601')
COMMIT
INSERT INTO DATA VALUES(105820006649200,'CostOptimizerFactory','costOptimizerFactory: 289325613')
COMMIT
INSERT INTO DATA VALUES(105820008165600,'CostOptimizerFactory','costOptimizerInstance: 2037090261')
COMMIT
INSERT INTO DATA VALUES(105820009994700,'CostOptimizerFactory','costOptimizerPort: 756397057')
COMMIT
INSERT INTO DATA VALUES(105820012480400,'CostOptimizerFactory','costOptimizerFactory: 1493777179')
COMMIT
INSERT INTO DATA VALUES(105820013545900,'CostOptimizerFactory','costOptimizerInstance: 324029624')
COMMIT
INSERT INTO DATA VALUES(105820014046100,'CostOptimizerFactory','costOptimizerPort: 1412136781')
COMMIT
INSERT INTO DATA VALUES(105820019432000,'LandingLightFactory','landingLightFactory: 1821222460')
COMMIT
INSERT INTO DATA VALUES(105820020406700,'LandingLightFactory','landingLightInstance: 342625987')
COMMIT
INSERT INTO DATA VALUES(105820021241900,'LandingLightFactory','landingLightPort: 659084294')
COMMIT
INSERT INTO DATA VALUES(105820023998700,'LandingLightFactory','landingLightFactory: 1487041758')
COMMIT
INSERT INTO DATA VALUES(105820024656400,'LandingLightFactory','landingLightInstance: 908464622')
COMMIT
INSERT INTO DATA VALUES(105820025040000,'LandingLightFactory','landingLightPort: 258163086')
COMMIT
INSERT INTO DATA VALUES(105820029945900,'LogoLightFactory','logoLightClass: 683508157')
COMMIT
INSERT INTO DATA VALUES(105820031553300,'LogoLightFactory','logoLightInstance: 273782468')
COMMIT
INSERT INTO DATA VALUES(105820032430900,'LogoLightFactory','logoLightPort: 335330020')
COMMIT
INSERT INTO DATA VALUES(105820035670600,'LogoLightFactory','logoLightClass: 382586157')
COMMIT
INSERT INTO DATA VALUES(105820036468000,'LogoLightFactory','logoLightInstance: 616895484')
COMMIT
INSERT INTO DATA VALUES(105820037047600,'LogoLightFactory','logoLightPort: 2104125351')
COMMIT
INSERT INTO DATA VALUES(105820154293700,'LandingLightFactory','landingLightFactory: 1635722245')
COMMIT
INSERT INTO DATA VALUES(105820155872200,'LandingLightFactory','landingLightInstance: 1315917382')
COMMIT
INSERT INTO DATA VALUES(105820158294200,'LandingLightFactory','landingLightPort: 1705820815')
COMMIT
INSERT INTO DATA VALUES(105820168101300,'LandingLightFactory','landingLightFactory: 459404728')
COMMIT
INSERT INTO DATA VALUES(105820171771500,'LandingLightFactory','landingLightInstance: 2112407621')
COMMIT
INSERT INTO DATA VALUES(105820172803500,'LandingLightFactory','landingLightPort: 2079736727')
COMMIT
INSERT INTO DATA VALUES(105820198697400,'LandingLightFactory','landingLightFactory: 253863765')
COMMIT
INSERT INTO DATA VALUES(105820199541400,'LandingLightFactory','landingLightInstance: 740650998')
COMMIT
INSERT INTO DATA VALUES(105820202202000,'LandingLightFactory','landingLightPort: 1474041003')
COMMIT
INSERT INTO DATA VALUES(105820205401300,'LandingLightFactory','landingLightFactory: 192427934')
COMMIT
INSERT INTO DATA VALUES(105820206156600,'LandingLightFactory','landingLightInstance: 1702986168')
COMMIT
INSERT INTO DATA VALUES(105820206767000,'LandingLightFactory','landingLightPort: 1012821480')
COMMIT
